<?xml version="1.0" encoding="UTF-8"?>
<testsuite xmlns:xsi="http://www.w3.org/2001/XMLSchema-instance" xsi:noNamespaceSchemaLocation="https://maven.apache.org/surefire/maven-surefire-plugin/xsd/surefire-test-report.xsd" name="com.udacity.catpoint.AppTest" time="0.003" tests="0" errors="0" skipped="0" failures="0">
  <properties>
    <property name="java.specification.version" value="18"/>
    <property name="sun.cpu.isalist" value="amd64"/>
    <property name="sun.jnu.encoding" value="Cp1252"/>
    <property name="java.class.path" value="D:\Users\Arty\Downloads\cd0384-java-application-deployment-projectstarter-master\cd0384-java-application-deployment-projectstarter-master\starter\catpoint-parent\target\test-classes;D:\Users\Arty\Downloads\cd0384-java-application-deployment-projectstarter-master\cd0384-java-application-deployment-projectstarter-master\starter\catpoint-parent\target\classes;C:\Users\Arty\.m2\repository\com\miglayout\miglayout-swing\11.0\miglayout-swing-11.0.jar;C:\Users\Arty\.m2\repository\com\miglayout\miglayout-core\11.0\miglayout-core-11.0.jar;C:\Users\Arty\.m2\repository\com\google\guava\guava\31.1-jre\guava-31.1-jre.jar;C:\Users\Arty\.m2\repository\com\google\guava\failureaccess\1.0.1\failureaccess-1.0.1.jar;C:\Users\Arty\.m2\repository\com\google\guava\listenablefuture\9999.0-empty-to-avoid-conflict-with-guava\listenablefuture-9999.0-empty-to-avoid-conflict-with-guava.jar;C:\Users\Arty\.m2\repository\com\google\code\findbugs\jsr305\3.0.2\jsr305-3.0.2.jar;C:\Users\Arty\.m2\repository\org\checkerframework\checker-qual\3.12.0\checker-qual-3.12.0.jar;C:\Users\Arty\.m2\repository\com\google\errorprone\error_prone_annotations\2.11.0\error_prone_annotations-2.11.0.jar;C:\Users\Arty\.m2\repository\com\google\j2objc\j2objc-annotations\1.3\j2objc-annotations-1.3.jar;C:\Users\Arty\.m2\repository\com\google\code\gson\gson\2.10\gson-2.10.jar;C:\Users\Arty\.m2\repository\org\slf4j\slf4j-api\2.0.4\slf4j-api-2.0.4.jar;C:\Users\Arty\.m2\repository\software\amazon\awssdk\auth\2.18.21\auth-2.18.21.jar;C:\Users\Arty\.m2\repository\software\amazon\awssdk\annotations\2.18.21\annotations-2.18.21.jar;C:\Users\Arty\.m2\repository\software\amazon\awssdk\utils\2.18.21\utils-2.18.21.jar;C:\Users\Arty\.m2\repository\org\reactivestreams\reactive-streams\1.0.3\reactive-streams-1.0.3.jar;C:\Users\Arty\.m2\repository\software\amazon\awssdk\sdk-core\2.18.21\sdk-core-2.18.21.jar;C:\Users\Arty\.m2\repository\software\amazon\awssdk\endpoints-spi\2.18.21\endpoints-spi-2.18.21.jar;C:\Users\Arty\.m2\repository\software\amazon\awssdk\regions\2.18.21\regions-2.18.21.jar;C:\Users\Arty\.m2\repository\software\amazon\awssdk\profiles\2.18.21\profiles-2.18.21.jar;C:\Users\Arty\.m2\repository\software\amazon\awssdk\http-client-spi\2.18.21\http-client-spi-2.18.21.jar;C:\Users\Arty\.m2\repository\software\amazon\awssdk\json-utils\2.18.21\json-utils-2.18.21.jar;C:\Users\Arty\.m2\repository\software\amazon\awssdk\third-party-jackson-core\2.18.21\third-party-jackson-core-2.18.21.jar;C:\Users\Arty\.m2\repository\software\amazon\eventstream\eventstream\1.0.1\eventstream-1.0.1.jar;C:\Users\Arty\.m2\repository\software\amazon\awssdk\rekognition\2.18.21\rekognition-2.18.21.jar;C:\Users\Arty\.m2\repository\software\amazon\awssdk\aws-json-protocol\2.18.21\aws-json-protocol-2.18.21.jar;C:\Users\Arty\.m2\repository\software\amazon\awssdk\protocol-core\2.18.21\protocol-core-2.18.21.jar;C:\Users\Arty\.m2\repository\software\amazon\awssdk\aws-core\2.18.21\aws-core-2.18.21.jar;C:\Users\Arty\.m2\repository\software\amazon\awssdk\metrics-spi\2.18.21\metrics-spi-2.18.21.jar;C:\Users\Arty\.m2\repository\software\amazon\awssdk\apache-client\2.18.21\apache-client-2.18.21.jar;C:\Users\Arty\.m2\repository\org\apache\httpcomponents\httpclient\4.5.13\httpclient-4.5.13.jar;C:\Users\Arty\.m2\repository\commons-logging\commons-logging\1.2\commons-logging-1.2.jar;C:\Users\Arty\.m2\repository\commons-codec\commons-codec\1.11\commons-codec-1.11.jar;C:\Users\Arty\.m2\repository\org\apache\httpcomponents\httpcore\4.4.13\httpcore-4.4.13.jar;C:\Users\Arty\.m2\repository\software\amazon\awssdk\netty-nio-client\2.18.21\netty-nio-client-2.18.21.jar;C:\Users\Arty\.m2\repository\io\netty\netty-codec-http\4.1.77.Final\netty-codec-http-4.1.77.Final.jar;C:\Users\Arty\.m2\repository\io\netty\netty-codec-http2\4.1.77.Final\netty-codec-http2-4.1.77.Final.jar;C:\Users\Arty\.m2\repository\io\netty\netty-codec\4.1.77.Final\netty-codec-4.1.77.Final.jar;C:\Users\Arty\.m2\repository\io\netty\netty-transport\4.1.77.Final\netty-transport-4.1.77.Final.jar;C:\Users\Arty\.m2\repository\io\netty\netty-resolver\4.1.77.Final\netty-resolver-4.1.77.Final.jar;C:\Users\Arty\.m2\repository\io\netty\netty-common\4.1.77.Final\netty-common-4.1.77.Final.jar;C:\Users\Arty\.m2\repository\io\netty\netty-buffer\4.1.77.Final\netty-buffer-4.1.77.Final.jar;C:\Users\Arty\.m2\repository\io\netty\netty-handler\4.1.77.Final\netty-handler-4.1.77.Final.jar;C:\Users\Arty\.m2\repository\io\netty\netty-transport-classes-epoll\4.1.77.Final\netty-transport-classes-epoll-4.1.77.Final.jar;C:\Users\Arty\.m2\repository\io\netty\netty-transport-native-unix-common\4.1.77.Final\netty-transport-native-unix-common-4.1.77.Final.jar;C:\Users\Arty\.m2\repository\org\junit\jupiter\junit-jupiter-api\5.9.1\junit-jupiter-api-5.9.1.jar;C:\Users\Arty\.m2\repository\org\opentest4j\opentest4j\1.2.0\opentest4j-1.2.0.jar;C:\Users\Arty\.m2\repository\org\junit\platform\junit-platform-commons\1.9.1\junit-platform-commons-1.9.1.jar;C:\Users\Arty\.m2\repository\org\apiguardian\apiguardian-api\1.1.2\apiguardian-api-1.1.2.jar;"/>
    <property name="java.vm.vendor" value="Oracle Corporation"/>
    <property name="sun.arch.data.model" value="64"/>
    <property name="user.variant" value=""/>
    <property name="java.vendor.url" value="https://java.oracle.com/"/>
    <property name="user.timezone" value="America/New_York"/>
    <property name="os.name" value="Windows 10"/>
    <property name="java.vm.specification.version" value="18"/>
    <property name="sun.java.launcher" value="SUN_STANDARD"/>
    <property name="user.country" value="US"/>
    <property name="sun.boot.library.path" value="C:\Program Files\Java\jdk-18.0.1.1\bin"/>
    <property name="sun.java.command" value="C:\Users\Arty\AppData\Local\Temp\surefire216734680933152639\surefirebooter5426840100782443003.jar C:\Users\Arty\AppData\Local\Temp\surefire216734680933152639 2022-11-20T01-12-44_947-jvmRun1 surefire7409500231200958664tmp surefire_08195308693060517670tmp"/>
    <property name="jdk.debug" value="release"/>
    <property name="surefire.test.class.path" value="D:\Users\Arty\Downloads\cd0384-java-application-deployment-projectstarter-master\cd0384-java-application-deployment-projectstarter-master\starter\catpoint-parent\target\test-classes;D:\Users\Arty\Downloads\cd0384-java-application-deployment-projectstarter-master\cd0384-java-application-deployment-projectstarter-master\starter\catpoint-parent\target\classes;C:\Users\Arty\.m2\repository\com\miglayout\miglayout-swing\11.0\miglayout-swing-11.0.jar;C:\Users\Arty\.m2\repository\com\miglayout\miglayout-core\11.0\miglayout-core-11.0.jar;C:\Users\Arty\.m2\repository\com\google\guava\guava\31.1-jre\guava-31.1-jre.jar;C:\Users\Arty\.m2\repository\com\google\guava\failureaccess\1.0.1\failureaccess-1.0.1.jar;C:\Users\Arty\.m2\repository\com\google\guava\listenablefuture\9999.0-empty-to-avoid-conflict-with-guava\listenablefuture-9999.0-empty-to-avoid-conflict-with-guava.jar;C:\Users\Arty\.m2\repository\com\google\code\findbugs\jsr305\3.0.2\jsr305-3.0.2.jar;C:\Users\Arty\.m2\repository\org\checkerframework\checker-qual\3.12.0\checker-qual-3.12.0.jar;C:\Users\Arty\.m2\repository\com\google\errorprone\error_prone_annotations\2.11.0\error_prone_annotations-2.11.0.jar;C:\Users\Arty\.m2\repository\com\google\j2objc\j2objc-annotations\1.3\j2objc-annotations-1.3.jar;C:\Users\Arty\.m2\repository\com\google\code\gson\gson\2.10\gson-2.10.jar;C:\Users\Arty\.m2\repository\org\slf4j\slf4j-api\2.0.4\slf4j-api-2.0.4.jar;C:\Users\Arty\.m2\repository\software\amazon\awssdk\auth\2.18.21\auth-2.18.21.jar;C:\Users\Arty\.m2\repository\software\amazon\awssdk\annotations\2.18.21\annotations-2.18.21.jar;C:\Users\Arty\.m2\repository\software\amazon\awssdk\utils\2.18.21\utils-2.18.21.jar;C:\Users\Arty\.m2\repository\org\reactivestreams\reactive-streams\1.0.3\reactive-streams-1.0.3.jar;C:\Users\Arty\.m2\repository\software\amazon\awssdk\sdk-core\2.18.21\sdk-core-2.18.21.jar;C:\Users\Arty\.m2\repository\software\amazon\awssdk\endpoints-spi\2.18.21\endpoints-spi-2.18.21.jar;C:\Users\Arty\.m2\repository\software\amazon\awssdk\regions\2.18.21\regions-2.18.21.jar;C:\Users\Arty\.m2\repository\software\amazon\awssdk\profiles\2.18.21\profiles-2.18.21.jar;C:\Users\Arty\.m2\repository\software\amazon\awssdk\http-client-spi\2.18.21\http-client-spi-2.18.21.jar;C:\Users\Arty\.m2\repository\software\amazon\awssdk\json-utils\2.18.21\json-utils-2.18.21.jar;C:\Users\Arty\.m2\repository\software\amazon\awssdk\third-party-jackson-core\2.18.21\third-party-jackson-core-2.18.21.jar;C:\Users\Arty\.m2\repository\software\amazon\eventstream\eventstream\1.0.1\eventstream-1.0.1.jar;C:\Users\Arty\.m2\repository\software\amazon\awssdk\rekognition\2.18.21\rekognition-2.18.21.jar;C:\Users\Arty\.m2\repository\software\amazon\awssdk\aws-json-protocol\2.18.21\aws-json-protocol-2.18.21.jar;C:\Users\Arty\.m2\repository\software\amazon\awssdk\protocol-core\2.18.21\protocol-core-2.18.21.jar;C:\Users\Arty\.m2\repository\software\amazon\awssdk\aws-core\2.18.21\aws-core-2.18.21.jar;C:\Users\Arty\.m2\repository\software\amazon\awssdk\metrics-spi\2.18.21\metrics-spi-2.18.21.jar;C:\Users\Arty\.m2\repository\software\amazon\awssdk\apache-client\2.18.21\apache-client-2.18.21.jar;C:\Users\Arty\.m2\repository\org\apache\httpcomponents\httpclient\4.5.13\httpclient-4.5.13.jar;C:\Users\Arty\.m2\repository\commons-logging\commons-logging\1.2\commons-logging-1.2.jar;C:\Users\Arty\.m2\repository\commons-codec\commons-codec\1.11\commons-codec-1.11.jar;C:\Users\Arty\.m2\repository\org\apache\httpcomponents\httpcore\4.4.13\httpcore-4.4.13.jar;C:\Users\Arty\.m2\repository\software\amazon\awssdk\netty-nio-client\2.18.21\netty-nio-client-2.18.21.jar;C:\Users\Arty\.m2\repository\io\netty\netty-codec-http\4.1.77.Final\netty-codec-http-4.1.77.Final.jar;C:\Users\Arty\.m2\repository\io\netty\netty-codec-http2\4.1.77.Final\netty-codec-http2-4.1.77.Final.jar;C:\Users\Arty\.m2\repository\io\netty\netty-codec\4.1.77.Final\netty-codec-4.1.77.Final.jar;C:\Users\Arty\.m2\repository\io\netty\netty-transport\4.1.77.Final\netty-transport-4.1.77.Final.jar;C:\Users\Arty\.m2\repository\io\netty\netty-resolver\4.1.77.Final\netty-resolver-4.1.77.Final.jar;C:\Users\Arty\.m2\repository\io\netty\netty-common\4.1.77.Final\netty-common-4.1.77.Final.jar;C:\Users\Arty\.m2\repository\io\netty\netty-buffer\4.1.77.Final\netty-buffer-4.1.77.Final.jar;C:\Users\Arty\.m2\repository\io\netty\netty-handler\4.1.77.Final\netty-handler-4.1.77.Final.jar;C:\Users\Arty\.m2\repository\io\netty\netty-transport-classes-epoll\4.1.77.Final\netty-transport-classes-epoll-4.1.77.Final.jar;C:\Users\Arty\.m2\repository\io\netty\netty-transport-native-unix-common\4.1.77.Final\netty-transport-native-unix-common-4.1.77.Final.jar;C:\Users\Arty\.m2\repository\org\junit\jupiter\junit-jupiter-api\5.9.1\junit-jupiter-api-5.9.1.jar;C:\Users\Arty\.m2\repository\org\opentest4j\opentest4j\1.2.0\opentest4j-1.2.0.jar;C:\Users\Arty\.m2\repository\org\junit\platform\junit-platform-commons\1.9.1\junit-platform-commons-1.9.1.jar;C:\Users\Arty\.m2\repository\org\apiguardian\apiguardian-api\1.1.2\apiguardian-api-1.1.2.jar;"/>
    <property name="sun.cpu.endian" value="little"/>
    <property name="user.home" value="C:\Users\Arty"/>
    <property name="user.language" value="en"/>
    <property name="java.specification.vendor" value="Oracle Corporation"/>
    <property name="java.version.date" value="2022-04-22"/>
    <property name="java.home" value="C:\Program Files\Java\jdk-18.0.1.1"/>
    <property name="file.separator" value="\"/>
    <property name="basedir" value="D:\Users\Arty\Downloads\cd0384-java-application-deployment-projectstarter-master\cd0384-java-application-deployment-projectstarter-master\starter\catpoint-parent"/>
    <property name="java.vm.compressedOopsMode" value="Zero based"/>
    <property name="line.separator" value="&#10;"/>
    <property name="java.vm.specification.vendor" value="Oracle Corporation"/>
    <property name="java.specification.name" value="Java Platform API Specification"/>
    <property name="surefire.real.class.path" value="C:\Users\Arty\AppData\Local\Temp\surefire216734680933152639\surefirebooter5426840100782443003.jar"/>
    <property name="user.script" value=""/>
    <property name="sun.management.compiler" value="HotSpot 64-Bit Tiered Compilers"/>
    <property name="java.runtime.version" value="18.0.1.1+2-6"/>
    <property name="user.name" value="Arty"/>
    <property name="path.separator" value=";"/>
    <property name="os.version" value="10.0"/>
    <property name="java.runtime.name" value="Java(TM) SE Runtime Environment"/>
    <property name="file.encoding" value="UTF-8"/>
    <property name="java.vm.name" value="Java HotSpot(TM) 64-Bit Server VM"/>
    <property name="localRepository" value="C:\Users\Arty\.m2\repository"/>
    <property name="java.vendor.url.bug" value="https://bugreport.java.com/bugreport/"/>
    <property name="java.io.tmpdir" value="C:\Users\Arty\AppData\Local\Temp\"/>
    <property name="idea.version" value="2022.1.4"/>
    <property name="java.version" value="18.0.1.1"/>
    <property name="user.dir" value="D:\Users\Arty\Downloads\cd0384-java-application-deployment-projectstarter-master\cd0384-java-application-deployment-projectstarter-master\starter\catpoint-parent"/>
    <property name="os.arch" value="amd64"/>
    <property name="java.vm.specification.name" value="Java Virtual Machine Specification"/>
    <property name="sun.os.patch.level" value=""/>
    <property name="native.encoding" value="Cp1252"/>
    <property name="java.library.path" value="C:\Program Files\Java\jdk-18.0.1.1\bin;C:\WINDOWS\Sun\Java\bin;C:\WINDOWS\system32;C:\WINDOWS;C:\Program Files\Common Files\Oracle\Java\javapath;C:\Program Files (x86)\Intel\iCLS Client\;C:\Program Files\Intel\iCLS Client\;C:\ProgramData\Oracle\Java\javapath;C:\Windows\system32;C:\Windows;C:\Windows\System32\Wbem;C:\Windows\System32\WindowsPowerShell\v1.0\;C:\WINDOWS\system32;C:\WINDOWS;C:\WINDOWS\System32\Wbem;C:\WINDOWS\System32\WindowsPowerShell\v1.0\;D:\Program Files\Microsoft SQL Server\Client SDK\ODBC\130\Tools\Binn\;D:\Program Files (x86)\Microsoft SQL Server\130\Tools\Binn\;D:\Program Files\Microsoft SQL Server\130\Tools\Binn\;D:\Program Files\Microsoft SQL Server\130\DTS\Binn\;D:\Program Files (x86)\Microsoft SQL Server\Client SDK\ODBC\130\Tools\Binn\;D:\Program Files (x86)\Microsoft SQL Server\140\Tools\Binn\;D:\Program Files (x86)\Microsoft SQL Server\140\DTS\Binn\;D:\Program Files (x86)\Microsoft SQL Server\140\Tools\Binn\ManagementStudio\;C:\Program Files\dotnet\;C:\WINDOWS\System32\OpenSSH\;C:\Program Files\NVIDIA Corporation\NVIDIA NvDLISR;C:\WINDOWS\system32;C:\WINDOWS;C:\WINDOWS\System32\Wbem;C:\WINDOWS\System32\WindowsPowerShell\v1.0\;C:\WINDOWS\System32\OpenSSH\;D:\Program Files (x86)\Microsoft SQL Server\150\DTS\Binn\;C:\Program Files (x86)\Intel\Intel(R) Management Engine Components\DAL;C:\Program Files\Intel\Intel(R) Management Engine Components\DAL;C:\Program Files (x86)\Intel\Intel(R) Management Engine Components\IPT;C:\Program Files\Intel\Intel(R) Management Engine Components\IPT;C:\Program Files (x86)\NVIDIA Corporation\PhysX\Common;C:\Program Files\Git\cmd;C:\Program Files\nodejs\;C:\Program Files\Java\jdk-18.0.1.1\bin;C:\Program Files\apache-maven-3.8.6-bin\apache-maven-3.8.6\bin;;C:\Program Files\Docker\Docker\resources\bin;C:\Users\Arty\AppData\Local\Programs\Python\Python310\Scripts\;C:\Users\Arty\AppData\Local\Programs\Python\Python310\;C:\Users\Arty\AppData\Local\Microsoft\WindowsApps;C:\Users\Arty\AppData\Local\Microsoft\WindowsApps;C:\Users\Arty\AppData\Local\Programs\Microsoft VS Code\bin;C:\Program Files\JetBrains\PyCharm Community Edition 2022.1\bin;;C:\Program Files\Java\jdk-18.0.1.1\bin;;C:\Program Files\JetBrains\IntelliJ IDEA Community Edition 2022.1.2\bin;;C:\Users\Arty\AppData\Roaming\npm;."/>
    <property name="java.vm.info" value="mixed mode, sharing"/>
    <property name="java.vendor" value="Oracle Corporation"/>
    <property name="java.vm.version" value="18.0.1.1+2-6"/>
    <property name="sun.io.unicode.encoding" value="UnicodeLittle"/>
    <property name="java.class.version" value="62.0"/>
  </properties>
</testsuite>